生成启动时间为 2012/6/18 13:53:31。
     1>项目“E:\Development\C\Ramdisk-On-Windows\driverSetup\driverSetup\driverSetup.vcxproj”在节点 2 上(build 个目标)。
     1>InitializeBuildStatus:
         正在创建“Debug\driverSetup.unsuccessfulbuild”，因为已指定“AlwaysCreate”。
       ClCompile:
         d:\Program Files (x86)\Microsoft Visual Studio 10.0\VC\bin\CL.exe /c /Zi /nologo /W3 /WX- /Od /Oy- /D WIN32 /D _WINDOWS /D _DEBUG /D _UNICODE /D UNICODE /Gm /EHsc /RTC1 /MTd /GS /fp:precise /Zc:wchar_t /Zc:forScope /Yc"StdAfx.h" /Fp"Debug\driverSetup.pch" /Fo"Debug\\" /Fd"Debug\vc100.pdb" /Gd /TP /analyze- /errorReport:prompt stdafx.cpp
         stdafx.cpp
         d:\Program Files (x86)\Microsoft Visual Studio 10.0\VC\bin\CL.exe /c /Zi /nologo /W3 /WX- /Od /Oy- /D WIN32 /D _WINDOWS /D _DEBUG /D _UNICODE /D UNICODE /Gm /EHsc /RTC1 /MTd /GS /fp:precise /Zc:wchar_t /Zc:forScope /Yu"StdAfx.h" /Fp"Debug\driverSetup.pch" /Fo"Debug\\" /Fd"Debug\vc100.pdb" /Gd /TP /analyze- /errorReport:prompt configDlg.cpp driverSetup.cpp driverSetupDlg.cpp installDlg.cpp removeDlg.cpp
         removeDlg.cpp
         installDlg.cpp
     1>installDlg.cpp(1): warning C4627: “#include "installDlg.h"”: 在查找预编译头使用时跳过
                 将指令添加到“StdAfx.h”或重新生成预编译头
         driverSetupDlg.cpp
         driverSetup.cpp
         configDlg.cpp
     1>configDlg.cpp(52): warning C4244: “初始化”: 从“wchar_t”转换到“char”，可能丢失数据
         正在生成代码...
       ResourceCompile:
         C:\Program Files (x86)\Microsoft SDKs\Windows\v7.0A\bin\rc.exe /D _DEBUG /D _UNICODE /D UNICODE /l"0x0804" /IDebug\ /nologo /fo"Debug\driverSetup.res" driverSetup.rc 
       ManifestResourceCompile:
         C:\Program Files (x86)\Microsoft SDKs\Windows\v7.0A\bin\rc.exe /nologo /fo"Debug\driverSetup.exe.embed.manifest.res" Debug\driverSetup_manifest.rc 
       Link:
         d:\Program Files (x86)\Microsoft Visual Studio 10.0\VC\bin\link.exe /ERRORREPORT:PROMPT /OUT:"E:\Development\C\Ramdisk-On-Windows\driverSetup\Debug\driverSetup.exe" /INCREMENTAL /NOLOGO /MANIFEST /ManifestFile:"Debug\driverSetup.exe.intermediate.manifest" /MANIFESTUAC:"level='asInvoker' uiAccess='false'" /DEBUG /PDB:"E:\Development\C\Ramdisk-On-Windows\driverSetup\Debug\driverSetup.pdb" /SUBSYSTEM:WINDOWS /TLBID:1 /ENTRY:"wWinMainCRTStartup" /DYNAMICBASE /NXCOMPAT /IMPLIB:"E:\Development\C\Ramdisk-On-Windows\driverSetup\Debug\driverSetup.lib" /MACHINE:X86 Debug\driverSetup.res
         Debug\driverSetup.exe.embed.manifest.res
         Debug\configDlg.obj
         Debug\driverSetup.obj
         Debug\driverSetupDlg.obj
         Debug\installDlg.obj
         Debug\removeDlg.obj
         Debug\stdafx.obj
       Manifest:
         C:\Program Files (x86)\Microsoft SDKs\Windows\v7.0A\bin\mt.exe /nologo /verbose /out:"Debug\driverSetup.exe.embed.manifest" /manifest Debug\driverSetup.exe.intermediate.manifest "d:\Program Files (x86)\Microsoft Visual Studio 10.0\VC\Include\Manifest\dpiaware.manifest"
         C:\Program Files (x86)\Microsoft SDKs\Windows\v7.0A\bin\rc.exe /nologo /fo"Debug\driverSetup.exe.embed.manifest.res" Debug\driverSetup_manifest.rc 
       LinkEmbedManifest:
         d:\Program Files (x86)\Microsoft Visual Studio 10.0\VC\bin\link.exe /ERRORREPORT:PROMPT /OUT:"E:\Development\C\Ramdisk-On-Windows\driverSetup\Debug\driverSetup.exe" /INCREMENTAL /NOLOGO /MANIFEST /ManifestFile:"Debug\driverSetup.exe.intermediate.manifest" /MANIFESTUAC:"level='asInvoker' uiAccess='false'" /DEBUG /PDB:"E:\Development\C\Ramdisk-On-Windows\driverSetup\Debug\driverSetup.pdb" /SUBSYSTEM:WINDOWS /TLBID:1 /ENTRY:"wWinMainCRTStartup" /DYNAMICBASE /NXCOMPAT /IMPLIB:"E:\Development\C\Ramdisk-On-Windows\driverSetup\Debug\driverSetup.lib" /MACHINE:X86 Debug\driverSetup.res
         Debug\driverSetup.exe.embed.manifest.res
         Debug\configDlg.obj
         Debug\driverSetup.obj
         Debug\driverSetupDlg.obj
         Debug\installDlg.obj
         Debug\removeDlg.obj
         Debug\stdafx.obj
         driverSetup.vcxproj -> E:\Development\C\Ramdisk-On-Windows\driverSetup\Debug\driverSetup.exe
       FinalizeBuildStatus:
         正在删除文件“Debug\driverSetup.unsuccessfulbuild”。
         正在对“Debug\driverSetup.lastbuildstate”执行 Touch 任务。
     1>已完成生成项目“E:\Development\C\Ramdisk-On-Windows\driverSetup\driverSetup\driverSetup.vcxproj”(build 个目标)的操作。

生成成功。

已用时间 00:00:25.49
