C:\USERS\CHENLING\DOCUMENTS\VISUAL STUDIO 2010\PROJECTS\DRIVERSETUP\DEBUG\DRIVERSETUP.EXE
C:\USERS\CHENLING\DOCUMENTS\VISUAL STUDIO 2010\PROJECTS\DRIVERSETUP\DEBUG\DRIVERSETUP.ILK
C:\USERS\CHENLING\DOCUMENTS\VISUAL STUDIO 2010\PROJECTS\DRIVERSETUP\DEBUG\DRIVERSETUP.PDB
C:\Users\chenling\Documents\Visual Studio 2010\Projects\driverSetup\driverSetup\Debug\cl.command.1.tlog
C:\Users\chenling\Documents\Visual Studio 2010\Projects\driverSetup\driverSetup\Debug\CL.read.1.tlog
C:\Users\chenling\Documents\Visual Studio 2010\Projects\driverSetup\driverSetup\Debug\CL.write.1.tlog
C:\USERS\CHENLING\DOCUMENTS\VISUAL STUDIO 2010\PROJECTS\DRIVERSETUP\DRIVERSETUP\DEBUG\CONFIGDLG.OBJ
C:\USERS\CHENLING\DOCUMENTS\VISUAL STUDIO 2010\PROJECTS\DRIVERSETUP\DRIVERSETUP\DEBUG\DRIVERSETUP.EXE.EMBED.MANIFEST
C:\USERS\CHENLING\DOCUMENTS\VISUAL STUDIO 2010\PROJECTS\DRIVERSETUP\DRIVERSETUP\DEBUG\DRIVERSETUP.EXE.EMBED.MANIFEST.RES
C:\USERS\CHENLING\DOCUMENTS\VISUAL STUDIO 2010\PROJECTS\DRIVERSETUP\DRIVERSETUP\DEBUG\DRIVERSETUP.EXE.INTERMEDIATE.MANIFEST
C:\USERS\CHENLING\DOCUMENTS\VISUAL STUDIO 2010\PROJECTS\DRIVERSETUP\DRIVERSETUP\DEBUG\DRIVERSETUP.OBJ
C:\USERS\CHENLING\DOCUMENTS\VISUAL STUDIO 2010\PROJECTS\DRIVERSETUP\DRIVERSETUP\DEBUG\DRIVERSETUP.PCH
C:\USERS\CHENLING\DOCUMENTS\VISUAL STUDIO 2010\PROJECTS\DRIVERSETUP\DRIVERSETUP\DEBUG\DRIVERSETUP.RES
C:\Users\chenling\Documents\Visual Studio 2010\Projects\driverSetup\driverSetup\Debug\driverSetup.write.1.tlog
C:\Users\chenling\Documents\Visual Studio 2010\Projects\driverSetup\driverSetup\Debug\driverSetup_manifest.rc
C:\USERS\CHENLING\DOCUMENTS\VISUAL STUDIO 2010\PROJECTS\DRIVERSETUP\DRIVERSETUP\DEBUG\DRIVERSETUPDLG.OBJ
C:\USERS\CHENLING\DOCUMENTS\VISUAL STUDIO 2010\PROJECTS\DRIVERSETUP\DRIVERSETUP\DEBUG\INSTALLDLG.OBJ
C:\Users\chenling\Documents\Visual Studio 2010\Projects\driverSetup\driverSetup\Debug\link.command.1.tlog
C:\Users\chenling\Documents\Visual Studio 2010\Projects\driverSetup\driverSetup\Debug\link.read.1.tlog
C:\Users\chenling\Documents\Visual Studio 2010\Projects\driverSetup\driverSetup\Debug\link.write.1.tlog
C:\Users\chenling\Documents\Visual Studio 2010\Projects\driverSetup\driverSetup\Debug\link-cvtres.read.1.tlog
C:\Users\chenling\Documents\Visual Studio 2010\Projects\driverSetup\driverSetup\Debug\link-cvtres.write.1.tlog
C:\Users\chenling\Documents\Visual Studio 2010\Projects\driverSetup\driverSetup\Debug\mt.command.1.tlog
C:\Users\chenling\Documents\Visual Studio 2010\Projects\driverSetup\driverSetup\Debug\mt.read.1.tlog
C:\Users\chenling\Documents\Visual Studio 2010\Projects\driverSetup\driverSetup\Debug\mt.write.1.tlog
C:\Users\chenling\Documents\Visual Studio 2010\Projects\driverSetup\driverSetup\Debug\rc.command.1.tlog
C:\Users\chenling\Documents\Visual Studio 2010\Projects\driverSetup\driverSetup\Debug\rc.read.1.tlog
C:\Users\chenling\Documents\Visual Studio 2010\Projects\driverSetup\driverSetup\Debug\rc.write.1.tlog
C:\USERS\CHENLING\DOCUMENTS\VISUAL STUDIO 2010\PROJECTS\DRIVERSETUP\DRIVERSETUP\DEBUG\REMOVEDLG.OBJ
C:\USERS\CHENLING\DOCUMENTS\VISUAL STUDIO 2010\PROJECTS\DRIVERSETUP\DRIVERSETUP\DEBUG\STDAFX.OBJ
C:\Users\chenling\Documents\Visual Studio 2010\Projects\driverSetup\driverSetup\Debug\vc100.idb
C:\USERS\CHENLING\DOCUMENTS\VISUAL STUDIO 2010\PROJECTS\DRIVERSETUP\DRIVERSETUP\DEBUG\VC100.PDB
